[2025-10-15_15:59:09] fastpDeDupLoop 
source /nfs/home/dking/miniconda3/bin/activate ebel

real	0m2.567s
user	0m0.563s
sys	0m0.756s
JOB ARRAY TASK: 10, SLURM_NTASKS=16
TRIM1=DeDupTrimmed/DeDupTrimmed.26_WNV_B_S8_L003_R1_001.fastq.gz
TRIM2=DeDupTrimmed/DeDupTrimmed.26_WNV_B_S8_L003_R2_001.fastq.gz
OUT=26_WNV_B_S8_L003_R2_001
fastp -i RawFastq/26_WNV_B_S8_L003_R1_001.fastq.gz -I RawFastq/26_WNV_B_S8_L003_R2_001.fastq.gz -o DeDupTrimmed/DeDupTrimmed.26_WNV_B_S8_L003_R1_001.fastq.gz -O DeDupTrimmed/DeDupTrimmed.26_WNV_B_S8_L003_R2_001.fastq.gz -j DeDupFastqJSONs/26_WNV_B_S8_L003_R2_001.json -h DeDupFastqHTMLs/26_WNV_B_S8_L003_R2_001.html -w 16 --dedup
Read1 before filtering:
total reads: 23671977
total bases: 3574468527
Q20 bases: 3378028072(94.5043%)
Q30 bases: 3111794764(87.0562%)

Read2 before filtering:
total reads: 23671977
total bases: 3574468527
Q20 bases: 3467579274(97.0096%)
Q30 bases: 3318969748(92.8521%)

Read1 after filtering:
total reads: 8207518
total bases: 984722922
Q20 bases: 932015438(94.6475%)
Q30 bases: 850463824(86.3658%)

Read2 after filtering:
total reads: 8207518
total bases: 984722922
Q20 bases: 953612181(96.8407%)
Q30 bases: 902206687(91.6204%)

Filtering result:
reads passed filter: 46666648
reads failed due to low quality: 673374
reads failed due to too many N: 3932
reads failed due to too short: 0
reads with adapter trimmed: 16478258
bases trimmed due to adapters: 674201956

Duplication rate: 63.9004%

Insert size peak (evaluated by paired-end reads): 124

JSON report: DeDupFastqJSONs/26_WNV_B_S8_L003_R2_001.json
HTML report: DeDupFastqHTMLs/26_WNV_B_S8_L003_R2_001.html

fastp -i RawFastq/26_WNV_B_S8_L003_R1_001.fastq.gz -I RawFastq/26_WNV_B_S8_L003_R2_001.fastq.gz -o DeDupTrimmed/DeDupTrimmed.26_WNV_B_S8_L003_R1_001.fastq.gz -O DeDupTrimmed/DeDupTrimmed.26_WNV_B_S8_L003_R2_001.fastq.gz -j DeDupFastqJSONs/26_WNV_B_S8_L003_R2_001.json -h DeDupFastqHTMLs/26_WNV_B_S8_L003_R2_001.html -w 16 --dedup 
fastp v0.24.1, time used: 42 seconds

real	0m41.350s
user	6m22.052s
sys	0m12.402s
