[2025-10-15_15:59:09] fastpDeDupLoop 
source /nfs/home/dking/miniconda3/bin/activate ebel

real	0m2.410s
user	0m0.560s
sys	0m0.617s
JOB ARRAY TASK: 11, SLURM_NTASKS=16
TRIM1=DeDupTrimmed/DeDupTrimmed.26_WNV_C_S9_L003_R1_001.fastq.gz
TRIM2=DeDupTrimmed/DeDupTrimmed.26_WNV_C_S9_L003_R2_001.fastq.gz
OUT=26_WNV_C_S9_L003_R2_001
fastp -i RawFastq/26_WNV_C_S9_L003_R1_001.fastq.gz -I RawFastq/26_WNV_C_S9_L003_R2_001.fastq.gz -o DeDupTrimmed/DeDupTrimmed.26_WNV_C_S9_L003_R1_001.fastq.gz -O DeDupTrimmed/DeDupTrimmed.26_WNV_C_S9_L003_R2_001.fastq.gz -j DeDupFastqJSONs/26_WNV_C_S9_L003_R2_001.json -h DeDupFastqHTMLs/26_WNV_C_S9_L003_R2_001.html -w 16 --dedup
Read1 before filtering:
total reads: 29971136
total bases: 4525641536
Q20 bases: 4408770227(97.4176%)
Q30 bases: 4257519922(94.0755%)

Read2 before filtering:
total reads: 29971136
total bases: 4525641536
Q20 bases: 4406183829(97.3604%)
Q30 bases: 4242601877(93.7459%)

Read1 after filtering:
total reads: 13212439
total bases: 1653446632
Q20 bases: 1612773648(97.5401%)
Q30 bases: 1541988088(93.259%)

Read2 after filtering:
total reads: 13212439
total bases: 1653446632
Q20 bases: 1615565824(97.709%)
Q30 bases: 1548958531(93.6806%)

Filtering result:
reads passed filter: 59402064
reads failed due to low quality: 535526
reads failed due to too many N: 4682
reads failed due to too short: 0
reads with adapter trimmed: 28534926
bases trimmed due to adapters: 964450260

Duplication rate: 55.0178%

Insert size peak (evaluated by paired-end reads): 126

JSON report: DeDupFastqJSONs/26_WNV_C_S9_L003_R2_001.json
HTML report: DeDupFastqHTMLs/26_WNV_C_S9_L003_R2_001.html

fastp -i RawFastq/26_WNV_C_S9_L003_R1_001.fastq.gz -I RawFastq/26_WNV_C_S9_L003_R2_001.fastq.gz -o DeDupTrimmed/DeDupTrimmed.26_WNV_C_S9_L003_R1_001.fastq.gz -O DeDupTrimmed/DeDupTrimmed.26_WNV_C_S9_L003_R2_001.fastq.gz -j DeDupFastqJSONs/26_WNV_C_S9_L003_R2_001.json -h DeDupFastqHTMLs/26_WNV_C_S9_L003_R2_001.html -w 16 --dedup 
fastp v0.24.1, time used: 55 seconds

real	0m54.727s
user	8m37.922s
sys	0m15.013s
