[2025-10-28_10:39:44] HisatArrayCxt 
Using SLURM_NTASKS=32 SLURM_NTASKS
Running SLURM_ARRAY_TASK_ID=2
source /nfs/home/dking/miniconda3/bin/activate ebel

real	0m5.234s
user	0m0.557s
sys	0m0.611s
2: OUT=22_mock_C_S6_L003_R2_001.fastq.gz
hisat2 --rna-strandness RF -p 32 -x HisatIndices/CxT -1 ../01_Fastp/DeDupTrimmed/DeDupTrimmed.22_mock_C_S6_L003_R1_001.fastq.gz -2 ../01_Fastp/DeDupTrimmed/DeDupTrimmed.22_mock_C_S6_L003_R2_001.fastq.gz --no-discordant -S CxtConcordant/22_mock_C_S6_L003_R2_001.fastq.gz.sam
6433907 reads; of these:
  6433907 (100.00%) were paired; of these:
    5559556 (86.41%) aligned concordantly 0 times
    225692 (3.51%) aligned concordantly exactly 1 time
    648659 (10.08%) aligned concordantly >1 times
    ----
    5559556 pairs aligned 0 times concordantly or discordantly; of these:
      11119112 mates make up the pairs; of these:
        11022384 (99.13%) aligned 0 times
        50682 (0.46%) aligned exactly 1 time
        46046 (0.41%) aligned >1 times
14.34% overall alignment rate

real	3m56.722s
user	98m24.537s
sys	6m48.298s
