[2025-10-28_10:39:44] HisatArrayCxt 
Using SLURM_NTASKS=32 SLURM_NTASKS
Running SLURM_ARRAY_TASK_ID=4
source /nfs/home/dking/miniconda3/bin/activate ebel

real	0m5.249s
user	0m0.604s
sys	0m0.546s
4: OUT=22_WNV_B_S2_L003_R2_001.fastq.gz
hisat2 --rna-strandness RF -p 32 -x HisatIndices/CxT -1 ../01_Fastp/DeDupTrimmed/DeDupTrimmed.22_WNV_B_S2_L003_R1_001.fastq.gz -2 ../01_Fastp/DeDupTrimmed/DeDupTrimmed.22_WNV_B_S2_L003_R2_001.fastq.gz --no-discordant -S CxtConcordant/22_WNV_B_S2_L003_R2_001.fastq.gz.sam
30869634 reads; of these:
  30869634 (100.00%) were paired; of these:
    17204411 (55.73%) aligned concordantly 0 times
    4491843 (14.55%) aligned concordantly exactly 1 time
    9173380 (29.72%) aligned concordantly >1 times
    ----
    17204411 pairs aligned 0 times concordantly or discordantly; of these:
      34408822 mates make up the pairs; of these:
        32949781 (95.76%) aligned 0 times
        798226 (2.32%) aligned exactly 1 time
        660815 (1.92%) aligned >1 times
46.63% overall alignment rate

real	13m1.958s
user	388m15.248s
sys	15m28.873s
