[2025-10-28_10:39:44] HisatArrayCxt 
Using SLURM_NTASKS=32 SLURM_NTASKS
Running SLURM_ARRAY_TASK_ID=9
source /nfs/home/dking/miniconda3/bin/activate ebel

real	0m5.351s
user	0m0.537s
sys	0m0.683s
9: OUT=26_WNV_A_S7_L003_R2_001.fastq.gz
hisat2 --rna-strandness RF -p 32 -x HisatIndices/CxT -1 ../01_Fastp/DeDupTrimmed/DeDupTrimmed.26_WNV_A_S7_L003_R1_001.fastq.gz -2 ../01_Fastp/DeDupTrimmed/DeDupTrimmed.26_WNV_A_S7_L003_R2_001.fastq.gz --no-discordant -S CxtConcordant/26_WNV_A_S7_L003_R2_001.fastq.gz.sam
27388229 reads; of these:
  27388229 (100.00%) were paired; of these:
    23446839 (85.61%) aligned concordantly 0 times
    1541296 (5.63%) aligned concordantly exactly 1 time
    2400094 (8.76%) aligned concordantly >1 times
    ----
    23446839 pairs aligned 0 times concordantly or discordantly; of these:
      46893678 mates make up the pairs; of these:
        46324193 (98.79%) aligned 0 times
        331696 (0.71%) aligned exactly 1 time
        237789 (0.51%) aligned >1 times
15.43% overall alignment rate

real	6m40.907s
user	180m39.305s
sys	12m22.577s
