[2025-10-28_10:39:44] HisatArrayCxt 
Using SLURM_NTASKS=32 SLURM_NTASKS
Running SLURM_ARRAY_TASK_ID=10
source /nfs/home/dking/miniconda3/bin/activate ebel

real	0m5.293s
user	0m0.560s
sys	0m0.813s
10: OUT=26_WNV_B_S8_L003_R2_001.fastq.gz
hisat2 --rna-strandness RF -p 32 -x HisatIndices/CxT -1 ../01_Fastp/DeDupTrimmed/DeDupTrimmed.26_WNV_B_S8_L003_R1_001.fastq.gz -2 ../01_Fastp/DeDupTrimmed/DeDupTrimmed.26_WNV_B_S8_L003_R2_001.fastq.gz --no-discordant -S CxtConcordant/26_WNV_B_S8_L003_R2_001.fastq.gz.sam
8207518 reads; of these:
  8207518 (100.00%) were paired; of these:
    7215696 (87.92%) aligned concordantly 0 times
    301090 (3.67%) aligned concordantly exactly 1 time
    690732 (8.42%) aligned concordantly >1 times
    ----
    7215696 pairs aligned 0 times concordantly or discordantly; of these:
      14431392 mates make up the pairs; of these:
        14211884 (98.48%) aligned 0 times
        121494 (0.84%) aligned exactly 1 time
        98014 (0.68%) aligned >1 times
13.42% overall alignment rate

real	6m39.894s
user	157m2.974s
sys	16m38.288s
