[2025-10-28_10:39:44] HisatArrayCxt 
Using SLURM_NTASKS=32 SLURM_NTASKS
Running SLURM_ARRAY_TASK_ID=16
source /nfs/home/dking/miniconda3/bin/activate ebel

real	0m5.324s
user	0m0.535s
sys	0m0.591s
16: OUT=30_WNV_B_S14_L003_R2_001.fastq.gz
hisat2 --rna-strandness RF -p 32 -x HisatIndices/CxT -1 ../01_Fastp/DeDupTrimmed/DeDupTrimmed.30_WNV_B_S14_L003_R1_001.fastq.gz -2 ../01_Fastp/DeDupTrimmed/DeDupTrimmed.30_WNV_B_S14_L003_R2_001.fastq.gz --no-discordant -S CxtConcordant/30_WNV_B_S14_L003_R2_001.fastq.gz.sam
12260070 reads; of these:
  12260070 (100.00%) were paired; of these:
    5822373 (47.49%) aligned concordantly 0 times
    1733458 (14.14%) aligned concordantly exactly 1 time
    4704239 (38.37%) aligned concordantly >1 times
    ----
    5822373 pairs aligned 0 times concordantly or discordantly; of these:
      11644746 mates make up the pairs; of these:
        11193886 (96.13%) aligned 0 times
        231077 (1.98%) aligned exactly 1 time
        219783 (1.89%) aligned >1 times
54.35% overall alignment rate

real	10m9.226s
user	159m46.859s
sys	7m33.069s
